<?xml version="1.0" encoding="UTF-8"?>
<!-- Generated by org.testng.reporters.JUnitReportReporter -->
<testsuite hostname="KOLKAR" failures="0" tests="1" name="practiceDDT.READdatafromXMLText" time="0.018" errors="0" timestamp="2022-09-16T06:53:00 IST" skipped="0">
  <testcase classname="practiceDDT.READdatafromXMLText" name="readDataTest" time="0.018"/>
  <system-out/>
</testsuite> <!-- practiceDDT.READdatafromXMLText -->
