<?xml version="1.0" encoding="UTF-8"?>
<!-- Generated by org.testng.reporters.JUnitReportReporter -->
<testsuite hostname="KOLKAR" failures="0" tests="1" name="Demo.ReadJDBC" time="0.667" errors="0" timestamp="2022-10-27T21:00:44 IST" skipped="0">
  <testcase classname="Demo.ReadJDBC" name="readData" time="0.667"/>
  <system-out/>
</testsuite> <!-- Demo.ReadJDBC -->
