<?xml version="1.0" encoding="UTF-8"?>
<!-- Generated by org.testng.reporters.JUnitReportReporter -->
<testsuite hostname="KOLKAR" failures="0" tests="1" name="tESTNGpavanSir.DataPrividerUSINGexcel" time="0.000" errors="0" timestamp="2022-10-22T12:50:10 IST" skipped="1">
  <testcase classname="tESTNGpavanSir.DataPrividerUSINGexcel" name="getdata" time="0.000">
    <skipped/>
  </testcase> <!-- getdata -->
  <system-out/>
</testsuite> <!-- tESTNGpavanSir.DataPrividerUSINGexcel -->
