<?xml version="1.0" encoding="UTF-8"?>
<!-- Generated by org.testng.reporters.JUnitReportReporter -->
<testsuite hostname="KOLKAR" failures="0" tests="1" name="practiceDDT.TryGarrbageinMysqldb" time="0.394" errors="0" timestamp="2022-09-16T20:13:33 IST" skipped="0">
  <testcase classname="practiceDDT.TryGarrbageinMysqldb" name="readData" time="0.394"/>
  <system-out/>
</testsuite> <!-- practiceDDT.TryGarrbageinMysqldb -->
