<?xml version="1.0" encoding="UTF-8"?>
<!-- Generated by org.testng.reporters.JUnitReportReporter -->
<testsuite hostname="KOLKAR" failures="0" tests="1" name="Demo.UpdatedatatestingJDBC" time="0.651" errors="0" timestamp="2022-09-16T19:29:14 IST" skipped="0">
  <testcase classname="Demo.UpdatedatatestingJDBC" name="insertData" time="0.651"/>
  <system-out/>
</testsuite> <!-- Demo.UpdatedatatestingJDBC -->
