<?xml version="1.0" encoding="UTF-8"?>
<!-- Generated by org.testng.reporters.JUnitReportReporter -->
<testsuite hostname="KOLKAR" failures="0" tests="1" name="practiceDDT.READdatadependfromXMLText" time="0.011" errors="0" timestamp="2022-09-16T20:10:08 IST" skipped="0">
  <testcase classname="practiceDDT.READdatadependfromXMLText" name="readDataTest" time="0.011"/>
  <system-out/>
</testsuite> <!-- practiceDDT.READdatadependfromXMLText -->
