<?xml version="1.0" encoding="UTF-8"?>
<!-- Generated by org.testng.reporters.JUnitReportReporter -->
<testsuite hostname="KOLKAR" failures="0" tests="2" name="tESTNGpavanSir.DemoClass" time="0.021" errors="0" timestamp="2022-10-18T17:34:39 IST" skipped="0">
  <testcase classname="tESTNGpavanSir.DemoClass" name="test1" time="0.018"/>
  <system-out/>
  <testcase classname="tESTNGpavanSir.DemoClass" name="test2" time="0.003"/>
  <system-out/>
</testsuite> <!-- tESTNGpavanSir.DemoClass -->
