<?xml version="1.0" encoding="UTF-8"?>
<!-- Generated by org.testng.reporters.JUnitReportReporter -->
<testsuite hostname="KOLKAR" failures="0" tests="1" name="tESTNGpavanSir.TestngclassTest" time="0.014" errors="0" timestamp="2022-10-17T13:17:21 IST" skipped="0">
  <testcase classname="tESTNGpavanSir.TestngclassTest" name="sathish" time="0.014"/>
  <system-out/>
</testsuite> <!-- tESTNGpavanSir.TestngclassTest -->
