<?xml version="1.0" encoding="UTF-8"?>
<!-- Generated by org.testng.reporters.JUnitReportReporter -->
<testsuite hostname="KOLKAR" failures="0" tests="1" name="practiceDDT.READdataCMDPMT" time="0.015" errors="0" timestamp="2022-09-16T20:43:53 IST" skipped="0">
  <testcase classname="practiceDDT.READdataCMDPMT" name="readDataTest" time="0.015"/>
  <system-out/>
</testsuite> <!-- practiceDDT.READdataCMDPMT -->
