<?xml version="1.0" encoding="UTF-8"?>
<!-- Generated by org.testng.reporters.JUnitReportReporter -->
<testsuite hostname="KOLKAR" failures="0" tests="1" name="tESTNGpavanSir.AnnotationsmethodTest" time="0.012" errors="0" timestamp="2022-10-22T12:50:10 IST" skipped="0">
  <testcase classname="tESTNGpavanSir.AnnotationsmethodTest" name="sathish" time="0.012"/>
  <system-out/>
</testsuite> <!-- tESTNGpavanSir.AnnotationsmethodTest -->
