<?xml version="1.0" encoding="UTF-8"?>
<!-- Generated by org.testng.reporters.JUnitReportReporter -->
<testsuite hostname="KOLKAR" failures="0" tests="3" name="tESTNGpavanSir.SampleClass" time="0.036" errors="0" timestamp="2022-10-18T17:39:17 IST" skipped="0">
  <testcase classname="tESTNGpavanSir.SampleClass" name="sathish" time="0.012"/>
  <system-out/>
  <testcase classname="tESTNGpavanSir.SampleClass" name="A" time="0.009"/>
  <system-out/>
  <testcase classname="tESTNGpavanSir.SampleClass" name="a" time="0.015"/>
  <system-out/>
</testsuite> <!-- tESTNGpavanSir.SampleClass -->
