<?xml version="1.0" encoding="UTF-8"?>
<!-- Generated by org.testng.reporters.JUnitReportReporter -->
<testsuite hostname="KOLKAR" failures="0" tests="1" name="Demo.ReadJDBC" time="0.713" errors="0" timestamp="2022-09-16T19:27:58 IST" skipped="0">
  <testcase classname="Demo.ReadJDBC" name="readData" time="0.713"/>
  <system-out/>
</testsuite> <!-- Demo.ReadJDBC -->
