<?xml version="1.0" encoding="UTF-8"?>
<!-- Generated by org.testng.reporters.JUnitReportReporter -->
<testsuite hostname="KOLKAR" failures="0" tests="3" name="tESTNGpavanSir.DataProviderTest" time="0.022" errors="0" timestamp="2022-10-23T08:37:51 IST" skipped="0">
  <testcase classname="tESTNGpavanSir.DataProviderTest" name="bookingTickets" time="0.004"/>
  <system-out/>
  <testcase classname="tESTNGpavanSir.DataProviderTest" name="bookingTickets" time="0.013"/>
  <system-out/>
  <testcase classname="tESTNGpavanSir.DataProviderTest" name="bookingTickets" time="0.005"/>
  <system-out/>
</testsuite> <!-- tESTNGpavanSir.DataProviderTest -->
