<?xml version="1.0" encoding="UTF-8"?>
<!-- Generated by org.testng.reporters.JUnitReportReporter -->
<testsuite hostname="KOLKAR" failures="0" tests="2" name="tESTNGpavanSir.AnnotaionsTEST" time="0.014" errors="0" timestamp="2022-10-17T13:03:37 IST" skipped="0">
  <testcase classname="tESTNGpavanSir.AnnotaionsTEST" name="sathish" time="0.003"/>
  <system-out/>
  <testcase classname="tESTNGpavanSir.AnnotaionsTEST" name="bs" time="0.011"/>
  <system-out/>
</testsuite> <!-- tESTNGpavanSir.AnnotaionsTEST -->
