<?xml version="1.0" encoding="UTF-8"?>
<!-- Generated by org.testng.reporters.JUnitReportReporter -->
<testsuite hostname="KOLKAR" failures="0" tests="1" name="tESTNGpavanSir.AnnotationsmethodTest" time="0.028" errors="0" timestamp="2022-10-18T12:05:26 IST" skipped="0">
  <testcase classname="tESTNGpavanSir.AnnotationsmethodTest" name="sathish" time="0.028"/>
  <system-out/>
</testsuite> <!-- tESTNGpavanSir.AnnotationsmethodTest -->
